14:12:22.415 [main] INFO  testCases.TC_001_AccountRegistrationTest - **** Running in local platform...
14:12:23.139 [main] INFO  testCases.TC_001_AccountRegistrationTest - ****> Starting TC 001 AccountRegistrationTest <****
14:12:23.227 [main] INFO  testCases.TC_001_AccountRegistrationTest - Clicked on my account link
14:12:23.578 [main] INFO  testCases.TC_001_AccountRegistrationTest - Clicked on registration link
14:12:23.578 [main] INFO  testCases.TC_001_AccountRegistrationTest - Entering customer information
14:12:24.134 [main] INFO  testCases.TC_001_AccountRegistrationTest - Clicked on continue
14:12:24.135 [main] INFO  testCases.TC_001_AccountRegistrationTest - Validating expected message...
14:12:24.580 [main] INFO  testCases.TC_001_AccountRegistrationTest - Test passed...
14:12:24.585 [main] INFO  testCases.TC_001_AccountRegistrationTest - <**** Finished TC 001 AccountRegistrationTest ****>
14:12:25.462 [main] INFO  testCases.TC_002_LoginTest - **** Running in local platform...
14:12:25.895 [main] INFO  testCases.TC_002_LoginTest - ****> Starting TC_002_LoginTest <****
14:12:25.961 [main] INFO  testCases.TC_002_LoginTest - Clicked on my account link on the home page
14:12:26.302 [main] INFO  testCases.TC_002_LoginTest - Clicked on login under my account
14:12:26.305 [main] INFO  testCases.TC_002_LoginTest - Entering valid email and password
14:12:26.538 [main] INFO  testCases.TC_002_LoginTest - Clicked login button
14:12:26.895 [main] INFO  testCases.TC_002_LoginTest - Login test passed
14:12:26.896 [main] INFO  testCases.TC_002_LoginTest - <**** Finished TC_002_LoginTest ****>
14:12:27.790 [main] INFO  testCases.TC_004_SearchProductTest - **** Running in local platform...
14:12:28.226 [main] INFO  testCases.TC_004_SearchProductTest - ****> Starting TC_004_SearchProductTest <****
14:12:29.071 [main] INFO  testCases.TC_004_SearchProductTest - The searched product: mac
14:12:29.131 [main] INFO  testCases.TC_004_SearchProductTest - The product MacBook has been found
14:12:29.131 [main] INFO  testCases.TC_004_SearchProductTest - <**** Finished TC_004_SearchProductTest ****>
14:12:29.942 [main] INFO  testCases.TC_005_AddToCartPageTest - **** Running in local platform...
14:12:30.376 [main] INFO  testCases.TC_005_AddToCartPageTest - ****> Starting TC_005_AddToCartPageTest <****
14:12:31.216 [main] INFO  testCases.TC_005_AddToCartPageTest - The searched product: iPhone
14:12:31.606 [main] INFO  testCases.TC_005_AddToCartPageTest - The product iPhone had been selected
14:12:31.753 [main] INFO  testCases.TC_005_AddToCartPageTest - quantity 2 of the iPhone product has been selected
14:12:31.845 [main] INFO  testCases.TC_005_AddToCartPageTest - The product iPhone has been selected
14:12:31.845 [main] INFO  testCases.TC_005_AddToCartPageTest - <**** Finished TC_004_SearchProductTest ****>
14:12:32.654 [main] INFO  testCases.TC_006_EndToEndTest - **** Running in local platform...
14:12:33.100 [main] INFO  testCases.TC_006_EndToEndTest - ****> Starting TC_006_EndToEndTest <****
14:12:44.355 [main] INFO  testCases.TC_006_EndToEndTest - Has been successfully registered
14:12:55.050 [main] INFO  testCases.TC_006_EndToEndTest - Has been loged correctly
14:12:58.482 [main] INFO  testCases.TC_006_EndToEndTest - The product has been found
14:13:00.347 [main] INFO  testCases.TC_006_EndToEndTest - Total price in shopping cart: $123.20
14:13:06.110 [main] INFO  testCases.TC_006_EndToEndTest - You have added new address
14:13:12.548 [main] INFO  testCases.TC_006_EndToEndTest - You have selected Shipping and Payment method.
14:13:12.623 [main] INFO  testCases.TC_006_EndToEndTest - Total price in your order: $106.00
14:13:19.708 [main] INFO  testCases.TC_006_EndToEndTest - Your order has been confirmed!
